[2021-10-26 19:23:31,808] {taskinstance.py:1035} INFO - Dependencies all met for <TaskInstance: hello_world.print_hello scheduled__2021-10-25T06:00:00+00:00 [queued]>
[2021-10-26 19:23:31,814] {taskinstance.py:1035} INFO - Dependencies all met for <TaskInstance: hello_world.print_hello scheduled__2021-10-25T06:00:00+00:00 [queued]>
[2021-10-26 19:23:31,814] {taskinstance.py:1241} INFO - 
--------------------------------------------------------------------------------
[2021-10-26 19:23:31,814] {taskinstance.py:1242} INFO - Starting attempt 1 of 4
[2021-10-26 19:23:31,814] {taskinstance.py:1243} INFO - 
--------------------------------------------------------------------------------
[2021-10-26 19:23:31,822] {taskinstance.py:1262} INFO - Executing <Task(BashOperator): print_hello> on 2021-10-25 06:00:00+00:00
[2021-10-26 19:23:31,824] {standard_task_runner.py:52} INFO - Started process 52191 to run task
[2021-10-26 19:23:31,830] {standard_task_runner.py:76} INFO - Running: ['airflow', 'tasks', 'run', 'hello_world', 'print_hello', 'scheduled__2021-10-25T06:00:00+00:00', '--job-id', '3', '--raw', '--subdir', '/Users/hardy/Desktop/boostcamp/dags/hello_word.py', '--cfg-path', '/var/folders/bq/dbkq4_t56lnff573240fmxcw0000gn/T/tmpr_uxn7r1', '--error-file', '/var/folders/bq/dbkq4_t56lnff573240fmxcw0000gn/T/tmplq5q6b7l']
[2021-10-26 19:23:31,833] {standard_task_runner.py:77} INFO - Job 3: Subtask print_hello
[2021-10-26 19:23:31,871] {logging_mixin.py:109} INFO - Running <TaskInstance: hello_world.print_hello scheduled__2021-10-25T06:00:00+00:00 [running]> on host 1.0.0.0.0.0.0.0.0.0.0.0.0.0.0.0.0.0.0.0.0.0.0.0.0.0.0.0.0.0.0.0.ip6.arpa
[2021-10-26 19:23:31,901] {taskinstance.py:1412} INFO - Exporting the following env vars:
AIRFLOW_CTX_DAG_OWNER=heumsi
AIRFLOW_CTX_DAG_ID=hello_world
AIRFLOW_CTX_TASK_ID=print_hello
AIRFLOW_CTX_EXECUTION_DATE=2021-10-25T06:00:00+00:00
AIRFLOW_CTX_DAG_RUN_ID=scheduled__2021-10-25T06:00:00+00:00
[2021-10-26 19:23:31,903] {subprocess.py:62} INFO - Tmp dir root location: 
 /var/folders/bq/dbkq4_t56lnff573240fmxcw0000gn/T
[2021-10-26 19:23:31,904] {subprocess.py:74} INFO - Running command: ['bash', '-c', 'echo Hello']
[2021-10-26 19:23:31,911] {subprocess.py:85} INFO - Output:
[2021-10-26 19:23:31,915] {subprocess.py:89} INFO - Hello
[2021-10-26 19:23:31,916] {subprocess.py:93} INFO - Command exited with return code 0
[2021-10-26 19:23:31,936] {taskinstance.py:1270} INFO - Marking task as SUCCESS. dag_id=hello_world, task_id=print_hello, execution_date=20211025T060000, start_date=20211026T102331, end_date=20211026T102331
[2021-10-26 19:23:31,966] {local_task_job.py:154} INFO - Task exited with return code 0
[2021-10-26 19:23:31,991] {local_task_job.py:264} INFO - 0 downstream tasks scheduled from follow-on schedule check
