[2021-10-26 19:23:38,677] {taskinstance.py:1035} INFO - Dependencies all met for <TaskInstance: hello_world.print_world scheduled__2021-10-25T06:00:00+00:00 [queued]>
[2021-10-26 19:23:38,687] {taskinstance.py:1035} INFO - Dependencies all met for <TaskInstance: hello_world.print_world scheduled__2021-10-25T06:00:00+00:00 [queued]>
[2021-10-26 19:23:38,687] {taskinstance.py:1241} INFO - 
--------------------------------------------------------------------------------
[2021-10-26 19:23:38,687] {taskinstance.py:1242} INFO - Starting attempt 1 of 4
[2021-10-26 19:23:38,687] {taskinstance.py:1243} INFO - 
--------------------------------------------------------------------------------
[2021-10-26 19:23:38,697] {taskinstance.py:1262} INFO - Executing <Task(PythonOperator): print_world> on 2021-10-25 06:00:00+00:00
[2021-10-26 19:23:38,699] {standard_task_runner.py:52} INFO - Started process 52203 to run task
[2021-10-26 19:23:38,704] {standard_task_runner.py:76} INFO - Running: ['airflow', 'tasks', 'run', 'hello_world', 'print_world', 'scheduled__2021-10-25T06:00:00+00:00', '--job-id', '5', '--raw', '--subdir', '/Users/hardy/Desktop/boostcamp/dags/hello_word.py', '--cfg-path', '/var/folders/bq/dbkq4_t56lnff573240fmxcw0000gn/T/tmpeaam5di1', '--error-file', '/var/folders/bq/dbkq4_t56lnff573240fmxcw0000gn/T/tmp8j3qgn9b']
[2021-10-26 19:23:38,707] {standard_task_runner.py:77} INFO - Job 5: Subtask print_world
[2021-10-26 19:23:38,744] {logging_mixin.py:109} INFO - Running <TaskInstance: hello_world.print_world scheduled__2021-10-25T06:00:00+00:00 [running]> on host 1.0.0.0.0.0.0.0.0.0.0.0.0.0.0.0.0.0.0.0.0.0.0.0.0.0.0.0.0.0.0.0.ip6.arpa
[2021-10-26 19:23:38,774] {taskinstance.py:1412} INFO - Exporting the following env vars:
AIRFLOW_CTX_DAG_OWNER=heumsi
AIRFLOW_CTX_DAG_ID=hello_world
AIRFLOW_CTX_TASK_ID=print_world
AIRFLOW_CTX_EXECUTION_DATE=2021-10-25T06:00:00+00:00
AIRFLOW_CTX_DAG_RUN_ID=scheduled__2021-10-25T06:00:00+00:00
[2021-10-26 19:23:38,775] {logging_mixin.py:109} INFO - world
[2021-10-26 19:23:38,776] {python.py:152} INFO - Done. Returned value was: None
[2021-10-26 19:23:38,784] {taskinstance.py:1270} INFO - Marking task as SUCCESS. dag_id=hello_world, task_id=print_world, execution_date=20211025T060000, start_date=20211026T102338, end_date=20211026T102338
[2021-10-26 19:23:38,799] {local_task_job.py:154} INFO - Task exited with return code 0
[2021-10-26 19:23:38,815] {local_task_job.py:264} INFO - 0 downstream tasks scheduled from follow-on schedule check
